# JRE version: OpenJDK Runtime Environment Temurin-21.0.6+7 (21.0.6+7) (build 21.0.6+7-LTS)
# Java VM: OpenJDK 64-Bit Server VM Temurin-21.0.6+7 (21.0.6+7-LTS, mixed mode, sharing, tiered, compressed oops, compressed class ptrs, parallel gc, linux-amd64)
GC Precious Log:
 CardTable entry size: 512
 CPUs: 8 total, 8 available
 Memory: 13908M
 Large Page Support: Disabled
 NUMA Support: Disabled
 Compressed Oops: Enabled (32-bit)
 Alignments: Space 512K, Generation 512K, Heap 2M
 Heap Min Capacity: 100M
 Heap Initial Capacity: 100M
 Heap Max Capacity: 1G
 Pre-touch: Disabled
 Parallel Workers: 8
Heap:
 PSYoungGen      total 4608K, used 2912K [0x00000000eab00000, 0x00000000eb700000, 0x0000000100000000)
  eden space 4096K, 59% used [0x00000000eab00000,0x00000000ead5fb60,0x00000000eaf00000)
  from space 512K, 94% used [0x00000000eb280000,0x00000000eb2f8620,0x00000000eb300000)
  to   space 3584K, 0% used [0x00000000eaf00000,0x00000000eaf00000,0x00000000eb280000)
 ParOldGen       total 397312K, used 397140K [0x00000000c0000000, 0x00000000d8400000, 0x00000000eab00000)
  object space 397312K, 99% used [0x00000000c0000000,0x00000000d83d5240,0x00000000d8400000)
 Metaspace       used 83418K, committed 85184K, reserved 1179648K
  class space    used 8506K, committed 9280K, reserved 1048576K
GC Heap History (20 events):
Event: 370,685 GC heap before
{Heap before GC invocations=844 (full 4):
 PSYoungGen      total 3072K, used 2516K [0x00000000eab00000, 0x00000000eaf00000, 0x0000000100000000)
  eden space 2048K, 100% used [0x00000000eab00000,0x00000000ead00000,0x00000000ead00000)
  from space 1024K, 45% used [0x00000000eae00000,0x00000000eae75200,0x00000000eaf00000)
  to   space 1024K, 0% used [0x00000000ead00000,0x00000000ead00000,0x00000000eae00000)
 ParOldGen       total 387072K, used 386695K [0x00000000c0000000, 0x00000000d7a00000, 0x00000000eab00000)
  object space 387072K, 99% used [0x00000000c0000000,0x00000000d79a1e90,0x00000000d7a00000)
 Metaspace       used 83391K, committed 85120K, reserved 1179648K
  class space    used 8506K, committed 9280K, reserved 1048576K
}
Event: 370,687 GC heap after
{Heap after GC invocations=844 (full 4):
 PSYoungGen      total 3072K, used 282K [0x00000000eab00000, 0x00000000eae80000, 0x0000000100000000)
  eden space 2048K, 0% used [0x00000000eab00000,0x00000000eab00000,0x00000000ead00000)
  from space 1024K, 27% used [0x00000000ead00000,0x00000000ead46900,0x00000000eae00000)
  to   space 512K, 0% used [0x00000000eae00000,0x00000000eae00000,0x00000000eae80000)
 ParOldGen       total 387072K, used 386935K [0x00000000c0000000, 0x00000000d7a00000, 0x00000000eab00000)
  object space 387072K, 99% used [0x00000000c0000000,0x00000000d79dde90,0x00000000d7a00000)
 Metaspace       used 83391K, committed 85120K, reserved 1179648K
  class space    used 8506K, committed 9280K, reserved 1048576K
}
Event: 371,059 GC heap before
{Heap before GC invocations=845 (full 4):
 PSYoungGen      total 3072K, used 2330K [0x00000000eab00000, 0x00000000eae80000, 0x0000000100000000)
  eden space 2048K, 100% used [0x00000000eab00000,0x00000000ead00000,0x00000000ead00000)
  from space 1024K, 27% used [0x00000000ead00000,0x00000000ead46900,0x00000000eae00000)
  to   space 512K, 0% used [0x00000000eae00000,0x00000000eae00000,0x00000000eae80000)
 ParOldGen       total 387072K, used 386935K [0x00000000c0000000, 0x00000000d7a00000, 0x00000000eab00000)
  object space 387072K, 99% used [0x00000000c0000000,0x00000000d79dde90,0x00000000d7a00000)
 Metaspace       used 83395K, committed 85120K, reserved 1179648K
  class space    used 8506K, committed 9280K, reserved 1048576K
}
Event: 371,061 GC heap after
{Heap after GC invocations=845 (full 4):
 PSYoungGen      total 3072K, used 438K [0x00000000eab00000, 0x00000000eae80000, 0x0000000100000000)
  eden space 2560K, 0% used [0x00000000eab00000,0x00000000eab00000,0x00000000ead80000)
  from space 512K, 85% used [0x00000000eae00000,0x00000000eae6d820,0x00000000eae80000)
  to   space 512K, 0% used [0x00000000ead80000,0x00000000ead80000,0x00000000eae00000)
 ParOldGen       total 387072K, used 386959K [0x00000000c0000000, 0x00000000d7a00000, 0x00000000eab00000)
  object space 387072K, 99% used [0x00000000c0000000,0x00000000d79e3e90,0x00000000d7a00000)
 Metaspace       used 83395K, committed 85120K, reserved 1179648K
  class space    used 8506K, committed 9280K, reserved 1048576K
}
Event: 371,068 GC heap before
{Heap before GC invocations=846 (full 4):
 PSYoungGen      total 3072K, used 2998K [0x00000000eab00000, 0x00000000eae80000, 0x0000000100000000)
  eden space 2560K, 100% used [0x00000000eab00000,0x00000000ead80000,0x00000000ead80000)
  from space 512K, 85% used [0x00000000eae00000,0x00000000eae6d820,0x00000000eae80000)
  to   space 512K, 0% used [0x00000000ead80000,0x00000000ead80000,0x00000000eae00000)
 ParOldGen       total 387072K, used 386959K [0x00000000c0000000, 0x00000000d7a00000, 0x00000000eab00000)
  object space 387072K, 99% used [0x00000000c0000000,0x00000000d79e3e90,0x00000000d7a00000)
 Metaspace       used 83395K, committed 85120K, reserved 1179648K
  class space    used 8506K, committed 9280K, reserved 1048576K
}
Event: 371,072 GC heap after
{Heap after GC invocations=846 (full 4):
 PSYoungGen      total 3072K, used 481K [0x00000000eab00000, 0x00000000eb500000, 0x0000000100000000)
  eden space 2560K, 0% used [0x00000000eab00000,0x00000000eab00000,0x00000000ead80000)
  from space 512K, 94% used [0x00000000ead80000,0x00000000eadf8620,0x00000000eae00000)
  to   space 3584K, 0% used [0x00000000eb180000,0x00000000eb180000,0x00000000eb500000)
 ParOldGen       total 389632K, used 389213K [0x00000000c0000000, 0x00000000d7c80000, 0x00000000eab00000)
  object space 389632K, 99% used [0x00000000c0000000,0x00000000d7c176b0,0x00000000d7c80000)
 Metaspace       used 83395K, committed 85120K, reserved 1179648K
  class space    used 8506K, committed 9280K, reserved 1048576K
}
Event: 371,083 GC heap before
{Heap before GC invocations=847 (full 4):
 PSYoungGen      total 3072K, used 3041K [0x00000000eab00000, 0x00000000eb500000, 0x0000000100000000)
  eden space 2560K, 100% used [0x00000000eab00000,0x00000000ead80000,0x00000000ead80000)
  from space 512K, 94% used [0x00000000ead80000,0x00000000eadf8620,0x00000000eae00000)
  to   space 3584K, 0% used [0x00000000eb180000,0x00000000eb180000,0x00000000eb500000)
 ParOldGen       total 389632K, used 389213K [0x00000000c0000000, 0x00000000d7c80000, 0x00000000eab00000)
  object space 389632K, 99% used [0x00000000c0000000,0x00000000d7c176b0,0x00000000d7c80000)
 Metaspace       used 83395K, committed 85120K, reserved 1179648K
  class space    used 8506K, committed 9280K, reserved 1048576K
}
Event: 371,086 GC heap after
{Heap after GC invocations=847 (full 4):
 PSYoungGen      total 4608K, used 1530K [0x00000000eab00000, 0x00000000eb300000, 0x0000000100000000)
  eden space 3072K, 0% used [0x00000000eab00000,0x00000000eab00000,0x00000000eae00000)
  from space 1536K, 99% used [0x00000000eb180000,0x00000000eb2fe900,0x00000000eb300000)
  to   space 2048K, 0% used [0x00000000eaf00000,0x00000000eaf00000,0x00000000eb100000)
 ParOldGen       total 390144K, used 389727K [0x00000000c0000000, 0x00000000d7d00000, 0x00000000eab00000)
  object space 390144K, 99% used [0x00000000c0000000,0x00000000d7c97cd0,0x00000000d7d00000)
 Metaspace       used 83395K, committed 85120K, reserved 1179648K
  class space    used 8506K, committed 9280K, reserved 1048576K
}
Event: 371,090 GC heap before
{Heap before GC invocations=848 (full 4):
 PSYoungGen      total 4608K, used 4578K [0x00000000eab00000, 0x00000000eb300000, 0x0000000100000000)
  eden space 3072K, 99% used [0x00000000eab00000,0x00000000eadf9fd8,0x00000000eae00000)
  from space 1536K, 99% used [0x00000000eb180000,0x00000000eb2fe900,0x00000000eb300000)
  to   space 2048K, 0% used [0x00000000eaf00000,0x00000000eaf00000,0x00000000eb100000)
 ParOldGen       total 390144K, used 389727K [0x00000000c0000000, 0x00000000d7d00000, 0x00000000eab00000)
  object space 390144K, 99% used [0x00000000c0000000,0x00000000d7c97cd0,0x00000000d7d00000)
 Metaspace       used 83395K, committed 85120K, reserved 1179648K
  class space    used 8506K, committed 9280K, reserved 1048576K
}
Event: 371,093 GC heap after
{Heap after GC invocations=848 (full 4):
 PSYoungGen      total 6144K, used 2029K [0x00000000eab00000, 0x00000000eb700000, 0x0000000100000000)
  eden space 4096K, 0% used [0x00000000eab00000,0x00000000eab00000,0x00000000eaf00000)
  from space 2048K, 99% used [0x00000000eaf00000,0x00000000eb0fb620,0x00000000eb100000)
  to   space 4096K, 0% used [0x00000000eb300000,0x00000000eb300000,0x00000000eb700000)
 ParOldGen       total 391680K, used 391403K [0x00000000c0000000, 0x00000000d7e80000, 0x00000000eab00000)
  object space 391680K, 99% used [0x00000000c0000000,0x00000000d7e3aed0,0x00000000d7e80000)
 Metaspace       used 83395K, committed 85120K, reserved 1179648K
  class space    used 8506K, committed 9280K, reserved 1048576K
}
Event: 371,104 GC heap before
{Heap before GC invocations=849 (full 4):
 PSYoungGen      total 6144K, used 6125K [0x00000000eab00000, 0x00000000eb700000, 0x0000000100000000)
  eden space 4096K, 100% used [0x00000000eab00000,0x00000000eaf00000,0x00000000eaf00000)
  from space 2048K, 99% used [0x00000000eaf00000,0x00000000eb0fb620,0x00000000eb100000)
  to   space 4096K, 0% used [0x00000000eb300000,0x00000000eb300000,0x00000000eb700000)
 ParOldGen       total 391680K, used 391403K [0x00000000c0000000, 0x00000000d7e80000, 0x00000000eab00000)
  object space 391680K, 99% used [0x00000000c0000000,0x00000000d7e3aed0,0x00000000d7e80000)
 Metaspace       used 83399K, committed 85120K, reserved 1179648K
  class space    used 8506K, committed 9280K, reserved 1048576K
}
Event: 371,108 GC heap after
{Heap after GC invocations=849 (full 4):
 PSYoungGen      total 8192K, used 2592K [0x00000000eab00000, 0x00000000eb600000, 0x0000000100000000)
  eden space 5120K, 0% used [0x00000000eab00000,0x00000000eab00000,0x00000000eb000000)
  from space 3072K, 84% used [0x00000000eb300000,0x00000000eb588100,0x00000000eb600000)
  to   space 3072K, 0% used [0x00000000eb000000,0x00000000eb000000,0x00000000eb300000)
 ParOldGen       total 393728K, used 393434K [0x00000000c0000000, 0x00000000d8080000, 0x00000000eab00000)
  object space 393728K, 99% used [0x00000000c0000000,0x00000000d8036a10,0x00000000d8080000)
 Metaspace       used 83399K, committed 85120K, reserved 1179648K
  class space    used 8506K, committed 9280K, reserved 1048576K
}
Event: 371,126 GC heap before
{Heap before GC invocations=850 (full 4):
 PSYoungGen      total 8192K, used 7712K [0x00000000eab00000, 0x00000000eb600000, 0x0000000100000000)
  eden space 5120K, 100% used [0x00000000eab00000,0x00000000eb000000,0x00000000eb000000)
  from space 3072K, 84% used [0x00000000eb300000,0x00000000eb588100,0x00000000eb600000)
  to   space 3072K, 0% used [0x00000000eb000000,0x00000000eb000000,0x00000000eb300000)
 ParOldGen       total 393728K, used 393434K [0x00000000c0000000, 0x00000000d8080000, 0x00000000eab00000)
  object space 393728K, 99% used [0x00000000c0000000,0x00000000d8036a10,0x00000000d8080000)
 Metaspace       used 83405K, committed 85184K, reserved 1179648K
  class space    used 8506K, committed 9280K, reserved 1048576K
}
Event: 371,129 GC heap after
{Heap after GC invocations=850 (full 4):
 PSYoungGen      total 5632K, used 442K [0x00000000eab00000, 0x00000000eb400000, 0x0000000100000000)
  eden space 5120K, 0% used [0x00000000eab00000,0x00000000eab00000,0x00000000eb000000)
  from space 512K, 86% used [0x00000000eb000000,0x00000000eb06e900,0x00000000eb080000)
  to   space 1536K, 0% used [0x00000000eb280000,0x00000000eb280000,0x00000000eb400000)
 ParOldGen       total 394752K, used 394282K [0x00000000c0000000, 0x00000000d8180000, 0x00000000eab00000)
  object space 394752K, 99% used [0x00000000c0000000,0x00000000d810aa10,0x00000000d8180000)
 Metaspace       used 83405K, committed 85184K, reserved 1179648K
  class space    used 8506K, committed 9280K, reserved 1048576K
}
Event: 388,814 GC heap before
{Heap before GC invocations=851 (full 4):
 PSYoungGen      total 5632K, used 5562K [0x00000000eab00000, 0x00000000eb400000, 0x0000000100000000)
  eden space 5120K, 100% used [0x00000000eab00000,0x00000000eb000000,0x00000000eb000000)
  from space 512K, 86% used [0x00000000eb000000,0x00000000eb06e900,0x00000000eb080000)
  to   space 1536K, 0% used [0x00000000eb280000,0x00000000eb280000,0x00000000eb400000)
 ParOldGen       total 394752K, used 394282K [0x00000000c0000000, 0x00000000d8180000, 0x00000000eab00000)
  object space 394752K, 99% used [0x00000000c0000000,0x00000000d810aa10,0x00000000d8180000)
 Metaspace       used 83406K, committed 85184K, reserved 1179648K
  class space    used 8506K, committed 9280K, reserved 1048576K
}
Event: 388,817 GC heap after
{Heap after GC invocations=851 (full 4):
 PSYoungGen      total 5632K, used 288K [0x00000000eab00000, 0x00000000eb300000, 0x0000000100000000)
  eden space 5120K, 0% used [0x00000000eab00000,0x00000000eab00000,0x00000000eb000000)
  from space 512K, 56% used [0x00000000eb280000,0x00000000eb2c8000,0x00000000eb300000)
  to   space 512K, 0% used [0x00000000eb000000,0x00000000eb000000,0x00000000eb080000)
 ParOldGen       total 394752K, used 394454K [0x00000000c0000000, 0x00000000d8180000, 0x00000000eab00000)
  object space 394752K, 99% used [0x00000000c0000000,0x00000000d8135a20,0x00000000d8180000)
 Metaspace       used 83406K, committed 85184K, reserved 1179648K
  class space    used 8506K, committed 9280K, reserved 1048576K
}
Event: 388,835 GC heap before
{Heap before GC invocations=852 (full 4):
 PSYoungGen      total 5632K, used 5408K [0x00000000eab00000, 0x00000000eb300000, 0x0000000100000000)
  eden space 5120K, 100% used [0x00000000eab00000,0x00000000eb000000,0x00000000eb000000)
  from space 512K, 56% used [0x00000000eb280000,0x00000000eb2c8000,0x00000000eb300000)
  to   space 512K, 0% used [0x00000000eb000000,0x00000000eb000000,0x00000000eb080000)
 ParOldGen       total 394752K, used 394454K [0x00000000c0000000, 0x00000000d8180000, 0x00000000eab00000)
  object space 394752K, 99% used [0x00000000c0000000,0x00000000d8135a20,0x00000000d8180000)
 Metaspace       used 83407K, committed 85184K, reserved 1179648K
  class space    used 8506K, committed 9280K, reserved 1048576K
}
Event: 388,837 GC heap after
{Heap after GC invocations=852 (full 4):
 PSYoungGen      total 5632K, used 320K [0x00000000eab00000, 0x00000000eb300000, 0x0000000100000000)
  eden space 5120K, 0% used [0x00000000eab00000,0x00000000eab00000,0x00000000eb000000)
  from space 512K, 62% used [0x00000000eb000000,0x00000000eb050000,0x00000000eb080000)
  to   space 512K, 0% used [0x00000000eb280000,0x00000000eb280000,0x00000000eb300000)
 ParOldGen       total 394752K, used 394587K [0x00000000c0000000, 0x00000000d8180000, 0x00000000eab00000)
  object space 394752K, 99% used [0x00000000c0000000,0x00000000d8156c20,0x00000000d8180000)
 Metaspace       used 83407K, committed 85184K, reserved 1179648K
  class space    used 8506K, committed 9280K, reserved 1048576K
}
Event: 388,847 GC heap before
{Heap before GC invocations=853 (full 4):
 PSYoungGen      total 5632K, used 5440K [0x00000000eab00000, 0x00000000eb300000, 0x0000000100000000)
  eden space 5120K, 100% used [0x00000000eab00000,0x00000000eb000000,0x00000000eb000000)
  from space 512K, 62% used [0x00000000eb000000,0x00000000eb050000,0x00000000eb080000)
  to   space 512K, 0% used [0x00000000eb280000,0x00000000eb280000,0x00000000eb300000)
 ParOldGen       total 394752K, used 394587K [0x00000000c0000000, 0x00000000d8180000, 0x00000000eab00000)
  object space 394752K, 99% used [0x00000000c0000000,0x00000000d8156c20,0x00000000d8180000)
 Metaspace       used 83407K, committed 85184K, reserved 1179648K
  class space    used 8506K, committed 9280K, reserved 1048576K
}
Event: 388,852 GC heap after
{Heap after GC invocations=853 (full 4):
 PSYoungGen      total 4608K, used 481K [0x00000000eab00000, 0x00000000eb700000, 0x0000000100000000)
  eden space 4096K, 0% used [0x00000000eab00000,0x00000000eab00000,0x00000000eaf00000)
  from space 512K, 94% used [0x00000000eb280000,0x00000000eb2f8620,0x00000000eb300000)
  to   space 3584K, 0% used [0x00000000eaf00000,0x00000000eaf00000,0x00000000eb280000)
 ParOldGen       total 397312K, used 397140K [0x00000000c0000000, 0x00000000d8400000, 0x00000000eab00000)
  object space 397312K, 99% used [0x00000000c0000000,0x00000000d83d5240,0x00000000d8400000)
 Metaspace       used 83407K, committed 85184K, reserved 1179648K
  class space    used 8506K, committed 9280K, reserved 1048576K
}

